[INFO][2015-08-31 09:27:13,647][org.springframework.beans.factory.xml.XmlBeanDefinitionReader]Loading XML bean definitions from class path resource [spring.xml]
[INFO][2015-08-31 09:27:13,983][org.springframework.context.annotation.ClassPathBeanDefinitionScanner]JSR-250 'javax.annotation.ManagedBean' found and supported for component scanning
[INFO][2015-08-31 09:27:13,985][org.springframework.context.annotation.ClassPathBeanDefinitionScanner]JSR-330 'javax.inject.Named' annotation found and supported for component scanning
[INFO][2015-08-31 09:27:14,298][org.springframework.beans.factory.xml.XmlBeanDefinitionReader]Loading XML bean definitions from class path resource [spring-hibernate.xml]
[INFO][2015-08-31 09:27:14,444][org.springframework.beans.factory.xml.XmlBeanDefinitionReader]Loading XML bean definitions from class path resource [spring-security.xml]
[INFO][2015-08-31 09:27:14,536][org.springframework.security.config.SecurityNamespaceHandler]Spring Security 'config' module version is 3.2.4.RELEASE
[INFO][2015-08-31 09:27:14,812][org.springframework.security.config.http.HttpSecurityBeanDefinitionParser]Checking sorted filter chain: [Root bean: class [org.springframework.security.web.context.SecurityContextPersistenceFilter]; scope=; abstract=false; lazyInit=false; autowireMode=0; dependencyCheck=0; autowireCandidate=true; primary=false; factoryBeanName=null; factoryMethodName=null; initMethodName=null; destroyMethodName=null, order = 200, Root bean: class [org.springframework.security.web.context.request.async.WebAsyncManagerIntegrationFilter]; scope=; abstract=false; lazyInit=false; autowireMode=0; dependencyCheck=0; autowireCandidate=true; primary=false; factoryBeanName=null; factoryMethodName=null; initMethodName=null; destroyMethodName=null, order = 400, Root bean: class [org.springframework.security.web.authentication.logout.LogoutFilter]; scope=; abstract=false; lazyInit=false; autowireMode=0; dependencyCheck=0; autowireCandidate=true; primary=false; factoryBeanName=null; factoryMethodName=null; initMethodName=null; destroyMethodName=null, order = 700, <loginFilter>, order = 1100, Root bean: class [org.springframework.security.web.savedrequest.RequestCacheAwareFilter]; scope=; abstract=false; lazyInit=false; autowireMode=0; dependencyCheck=0; autowireCandidate=true; primary=false; factoryBeanName=null; factoryMethodName=null; initMethodName=null; destroyMethodName=null, order = 1600, Root bean: class [org.springframework.security.web.servletapi.SecurityContextHolderAwareRequestFilter]; scope=; abstract=false; lazyInit=false; autowireMode=0; dependencyCheck=0; autowireCandidate=true; primary=false; factoryBeanName=null; factoryMethodName=null; initMethodName=null; destroyMethodName=null, order = 1700, Root bean: class [org.springframework.security.web.authentication.AnonymousAuthenticationFilter]; scope=; abstract=false; lazyInit=false; autowireMode=0; dependencyCheck=0; autowireCandidate=true; primary=false; factoryBeanName=null; factoryMethodName=null; initMethodName=null; destroyMethodName=null, order = 2000, Root bean: class [org.springframework.security.web.access.ExceptionTranslationFilter]; scope=; abstract=false; lazyInit=false; autowireMode=0; dependencyCheck=0; autowireCandidate=true; primary=false; factoryBeanName=null; factoryMethodName=null; initMethodName=null; destroyMethodName=null, order = 2200, <securityFilter>, order = 2299, <org.springframework.security.web.access.intercept.FilterSecurityInterceptor#0>, order = 2300]
[INFO][2015-08-31 09:27:14,821][org.springframework.context.support.GenericApplicationContext]Refreshing org.springframework.context.support.GenericApplicationContext@783e6358: startup date [Mon Aug 31 09:27:14 CST 2015]; root of context hierarchy
[INFO][2015-08-31 09:27:15,133][org.springframework.beans.factory.config.PropertyPlaceholderConfigurer]Loading properties file from class path resource [config.properties]
[INFO][2015-08-31 09:27:15,154][org.springframework.beans.factory.annotation.AutowiredAnnotationBeanPostProcessor]JSR-330 'javax.inject.Inject' annotation found and supported for autowiring
[INFO][2015-08-31 09:27:15,210][org.springframework.beans.factory.support.DefaultListableBeanFactory]Pre-instantiating singletons in org.springframework.beans.factory.support.DefaultListableBeanFactory@38c5cc4c: defining beans [org.springframework.beans.factory.config.PropertyPlaceholderConfigurer#0,moduleInfoDao,roleInfoDao,userInfoDao,moduleInfoService,roleInfoService,userInfoService,org.springframework.context.annotation.internalConfigurationAnnotationProcessor,org.springframework.context.annotation.internalAutowiredAnnotationProcessor,org.springframework.context.annotation.internalRequiredAnnotationProcessor,org.springframework.context.annotation.internalCommonAnnotationProcessor,org.springframework.context.annotation.internalPersistenceAnnotationProcessor,dataSource,sessionFactory,transactionManager,org.springframework.aop.config.internalAutoProxyCreator,org.springframework.transaction.annotation.AnnotationTransactionAttributeSource#0,org.springframework.transaction.interceptor.TransactionInterceptor#0,org.springframework.transaction.config.internalTransactionAdvisor,transactionAdvice,transactionPointcut,org.springframework.aop.support.DefaultBeanFactoryPointcutAdvisor#0,org.springframework.security.filterChains,org.springframework.security.filterChainProxy,org.springframework.security.web.DefaultSecurityFilterChain#0,org.springframework.security.web.DefaultSecurityFilterChain#1,authenticationProcessingFilterEntryPoint,sessionRegistry,org.springframework.security.authentication.DefaultAuthenticationEventPublisher#0,org.springframework.security.authenticationManager,authenticationProvier,userDetailsService,org.springframework.security.web.PortMapperImpl#0,org.springframework.security.web.PortResolverImpl#0,org.springframework.security.config.authentication.AuthenticationManagerFactoryBean#0,org.springframework.security.authentication.ProviderManager#0,org.springframework.security.web.context.HttpSessionSecurityContextRepository#0,org.springframework.security.web.savedrequest.HttpSessionRequestCache#0,org.springframework.security.web.access.expression.DefaultWebSecurityExpressionHandler#0,org.springframework.security.access.vote.AffirmativeBased#0,org.springframework.security.web.access.intercept.FilterSecurityInterceptor#0,org.springframework.security.web.access.DefaultWebInvocationPrivilegeEvaluator#0,org.springframework.security.authentication.AnonymousAuthenticationProvider#0,org.springframework.security.userDetailsServiceFactory,org.springframework.security.web.DefaultSecurityFilterChain#2,loginFilter,simpleUrlAuthenticationFailureHandler,securityFilter,securityMetadataSource,accessDecisionManager,org.springframework.context.annotation.ConfigurationClassPostProcessor.importAwareProcessor]; root of factory hierarchy
[ERROR][2015-08-31 09:27:15,513][com.alibaba.druid.pool.DruidAbstractDataSource]maxIdle is deprecated
[INFO][2015-08-31 09:27:15,601][com.alibaba.druid.pool.DruidDataSource]{dataSource-1} inited
[INFO][2015-08-31 09:27:15,834][org.hibernate.annotations.common.Version]HCANN000001: Hibernate Commons Annotations {4.0.2.Final}
[INFO][2015-08-31 09:27:15,840][org.hibernate.Version]HHH000412: Hibernate Core {4.2.5.Final}
[INFO][2015-08-31 09:27:15,842][org.hibernate.cfg.Environment]HHH000206: hibernate.properties not found
[INFO][2015-08-31 09:27:15,844][org.hibernate.cfg.Environment]HHH000021: Bytecode provider name : javassist
[INFO][2015-08-31 09:27:16,326][org.hibernate.dialect.Dialect]HHH000400: Using dialect: org.hibernate.dialect.MySQLDialect
[INFO][2015-08-31 09:27:16,504][org.hibernate.engine.transaction.internal.TransactionFactoryInitiator]HHH000399: Using default transaction strategy (direct JDBC transactions)
[INFO][2015-08-31 09:27:16,511][org.hibernate.hql.internal.ast.ASTQueryTranslatorFactory]HHH000397: Using ASTQueryTranslatorFactory
[INFO][2015-08-31 09:27:16,854][org.hibernate.tool.hbm2ddl.SchemaUpdate]HHH000228: Running hbm2ddl schema update
[INFO][2015-08-31 09:27:16,855][org.hibernate.tool.hbm2ddl.SchemaUpdate]HHH000102: Fetching database metadata
[INFO][2015-08-31 09:27:16,859][org.hibernate.tool.hbm2ddl.SchemaUpdate]HHH000396: Updating schema
[INFO][2015-08-31 09:27:16,898][org.hibernate.tool.hbm2ddl.TableMetadata]HHH000261: Table found: ship_system.role_module
[INFO][2015-08-31 09:27:16,899][org.hibernate.tool.hbm2ddl.TableMetadata]HHH000037: Columns: [module_id, role_id]
[INFO][2015-08-31 09:27:16,899][org.hibernate.tool.hbm2ddl.TableMetadata]HHH000108: Foreign keys: [fk_role, fk_module]
[INFO][2015-08-31 09:27:16,899][org.hibernate.tool.hbm2ddl.TableMetadata]HHH000126: Indexes: [fk_role, fk_module, primary]
[INFO][2015-08-31 09:27:16,918][org.hibernate.tool.hbm2ddl.TableMetadata]HHH000261: Table found: ship_system.module_info
[INFO][2015-08-31 09:27:16,918][org.hibernate.tool.hbm2ddl.TableMetadata]HHH000037: Columns: [module_description, module_id, module_type, module_str, module_name, module_priority]
[INFO][2015-08-31 09:27:16,918][org.hibernate.tool.hbm2ddl.TableMetadata]HHH000108: Foreign keys: []
[INFO][2015-08-31 09:27:16,918][org.hibernate.tool.hbm2ddl.TableMetadata]HHH000126: Indexes: [primary]
[INFO][2015-08-31 09:27:16,935][org.hibernate.tool.hbm2ddl.TableMetadata]HHH000261: Table found: ship_system.role_info
[INFO][2015-08-31 09:27:16,935][org.hibernate.tool.hbm2ddl.TableMetadata]HHH000037: Columns: [role_name, role_id, role_description]
[INFO][2015-08-31 09:27:16,935][org.hibernate.tool.hbm2ddl.TableMetadata]HHH000108: Foreign keys: []
[INFO][2015-08-31 09:27:16,936][org.hibernate.tool.hbm2ddl.TableMetadata]HHH000126: Indexes: [primary]
[INFO][2015-08-31 09:27:16,954][org.hibernate.tool.hbm2ddl.TableMetadata]HHH000261: Table found: ship_system.user_info
[INFO][2015-08-31 09:27:16,955][org.hibernate.tool.hbm2ddl.TableMetadata]HHH000037: Columns: [user_email, user_tel, user_name, user_address, user_gender, user_idcard, user_pwd, user_qq, user_enabled, user_code, user_id, user_nickname, user_phone, user_description, user_images]
[INFO][2015-08-31 09:27:16,955][org.hibernate.tool.hbm2ddl.TableMetadata]HHH000108: Foreign keys: []
[INFO][2015-08-31 09:27:16,955][org.hibernate.tool.hbm2ddl.TableMetadata]HHH000126: Indexes: [primary]
[INFO][2015-08-31 09:27:16,975][org.hibernate.tool.hbm2ddl.TableMetadata]HHH000261: Table found: ship_system.user_role
[INFO][2015-08-31 09:27:16,976][org.hibernate.tool.hbm2ddl.TableMetadata]HHH000037: Columns: [user_id, role_id]
[INFO][2015-08-31 09:27:16,976][org.hibernate.tool.hbm2ddl.TableMetadata]HHH000108: Foreign keys: [ur_role, ur_user]
[INFO][2015-08-31 09:27:16,976][org.hibernate.tool.hbm2ddl.TableMetadata]HHH000126: Indexes: [ur_role, ur_user, primary]
[INFO][2015-08-31 09:27:16,977][org.hibernate.tool.hbm2ddl.SchemaUpdate]HHH000232: Schema update complete
[INFO][2015-08-31 09:27:17,129][org.springframework.orm.hibernate4.HibernateTransactionManager]Using DataSource [{
	CreateTime:"2015-08-31 09:27:15",
	ActiveCount:0,
	PoolingCount:1,
	CreateCount:1,
	DestroyCount:0,
	CloseCount:2,
	ConnectCount:2,
	Connections:[
		{ID:67620673, ConnectTime:"2015-08-31 09:27:16", UseCount:2, LastActiveTime:"2015-08-31 09:27:16"}
	]
}] of Hibernate SessionFactory for HibernateTransactionManager
[INFO][2015-08-31 09:27:17,207][org.springframework.security.web.DefaultSecurityFilterChain]Creating filter chain: Ant [pattern='/login*'], []
[INFO][2015-08-31 09:27:17,214][org.springframework.security.web.DefaultSecurityFilterChain]Creating filter chain: Ant [pattern='/js/*'], []
[INFO][2015-08-31 09:27:18,322][org.springframework.security.web.DefaultSecurityFilterChain]Creating filter chain: org.springframework.security.web.util.matcher.AnyRequestMatcher@1, [org.springframework.security.web.context.SecurityContextPersistenceFilter@65cc8228, org.springframework.security.web.context.request.async.WebAsyncManagerIntegrationFilter@53093491, org.springframework.security.web.authentication.logout.LogoutFilter@21719a0, org.springframework.security.web.authentication.UsernamePasswordAuthenticationFilter@76b224cd, org.springframework.security.web.savedrequest.RequestCacheAwareFilter@77ee25f1, org.springframework.security.web.servletapi.SecurityContextHolderAwareRequestFilter@6dd93a21, org.springframework.security.web.authentication.AnonymousAuthenticationFilter@57b9e423, org.springframework.security.web.access.ExceptionTranslationFilter@304a3655, org.ship.web.security.SecurityFilter@368d5c00, org.springframework.security.web.access.intercept.FilterSecurityInterceptor@12a160c2]
[INFO][2015-08-31 09:27:18,394][org.springframework.security.config.http.DefaultFilterChainValidator]Checking whether login URL '/login' is accessible with your configuration
[WARN][2015-08-31 09:27:18,496][org.hibernate.hql.internal.ast.HqlSqlWalker][DEPRECATION] Encountered positional parameter near line 1, column 55.  Positional parameter are considered deprecated; use named parameters or JPA-style positional parameters instead.
[INFO][2015-08-31 09:27:18,747][org.springframework.context.support.GenericApplicationContext]Closing org.springframework.context.support.GenericApplicationContext@783e6358: startup date [Mon Aug 31 09:27:14 CST 2015]; root of context hierarchy
[INFO][2015-08-31 09:27:18,749][org.springframework.beans.factory.support.DefaultListableBeanFactory]Destroying singletons in org.springframework.beans.factory.support.DefaultListableBeanFactory@38c5cc4c: defining beans [org.springframework.beans.factory.config.PropertyPlaceholderConfigurer#0,moduleInfoDao,roleInfoDao,userInfoDao,moduleInfoService,roleInfoService,userInfoService,org.springframework.context.annotation.internalConfigurationAnnotationProcessor,org.springframework.context.annotation.internalAutowiredAnnotationProcessor,org.springframework.context.annotation.internalRequiredAnnotationProcessor,org.springframework.context.annotation.internalCommonAnnotationProcessor,org.springframework.context.annotation.internalPersistenceAnnotationProcessor,dataSource,sessionFactory,transactionManager,org.springframework.aop.config.internalAutoProxyCreator,org.springframework.transaction.annotation.AnnotationTransactionAttributeSource#0,org.springframework.transaction.interceptor.TransactionInterceptor#0,org.springframework.transaction.config.internalTransactionAdvisor,transactionAdvice,transactionPointcut,org.springframework.aop.support.DefaultBeanFactoryPointcutAdvisor#0,org.springframework.security.filterChains,org.springframework.security.filterChainProxy,org.springframework.security.web.DefaultSecurityFilterChain#0,org.springframework.security.web.DefaultSecurityFilterChain#1,authenticationProcessingFilterEntryPoint,sessionRegistry,org.springframework.security.authentication.DefaultAuthenticationEventPublisher#0,org.springframework.security.authenticationManager,authenticationProvier,userDetailsService,org.springframework.security.web.PortMapperImpl#0,org.springframework.security.web.PortResolverImpl#0,org.springframework.security.config.authentication.AuthenticationManagerFactoryBean#0,org.springframework.security.authentication.ProviderManager#0,org.springframework.security.web.context.HttpSessionSecurityContextRepository#0,org.springframework.security.web.savedrequest.HttpSessionRequestCache#0,org.springframework.security.web.access.expression.DefaultWebSecurityExpressionHandler#0,org.springframework.security.access.vote.AffirmativeBased#0,org.springframework.security.web.access.intercept.FilterSecurityInterceptor#0,org.springframework.security.web.access.DefaultWebInvocationPrivilegeEvaluator#0,org.springframework.security.authentication.AnonymousAuthenticationProvider#0,org.springframework.security.userDetailsServiceFactory,org.springframework.security.web.DefaultSecurityFilterChain#2,loginFilter,simpleUrlAuthenticationFailureHandler,securityFilter,securityMetadataSource,accessDecisionManager,org.springframework.context.annotation.ConfigurationClassPostProcessor.importAwareProcessor]; root of factory hierarchy
[INFO][2015-08-31 09:27:18,765][com.alibaba.druid.pool.DruidDataSource]{dataSource-1} closed
[INFO][2015-08-31 09:28:48,988][org.springframework.beans.factory.xml.XmlBeanDefinitionReader]Loading XML bean definitions from class path resource [spring.xml]
[INFO][2015-08-31 09:28:49,205][org.springframework.context.annotation.ClassPathBeanDefinitionScanner]JSR-250 'javax.annotation.ManagedBean' found and supported for component scanning
[INFO][2015-08-31 09:28:49,206][org.springframework.context.annotation.ClassPathBeanDefinitionScanner]JSR-330 'javax.inject.Named' annotation found and supported for component scanning
[INFO][2015-08-31 09:28:49,274][org.springframework.beans.factory.xml.XmlBeanDefinitionReader]Loading XML bean definitions from class path resource [spring-hibernate.xml]
[INFO][2015-08-31 09:28:49,372][org.springframework.beans.factory.xml.XmlBeanDefinitionReader]Loading XML bean definitions from class path resource [spring-security.xml]
[INFO][2015-08-31 09:28:49,447][org.springframework.security.config.SecurityNamespaceHandler]Spring Security 'config' module version is 3.2.4.RELEASE
[INFO][2015-08-31 09:28:49,731][org.springframework.security.config.http.HttpSecurityBeanDefinitionParser]Checking sorted filter chain: [Root bean: class [org.springframework.security.web.context.SecurityContextPersistenceFilter]; scope=; abstract=false; lazyInit=false; autowireMode=0; dependencyCheck=0; autowireCandidate=true; primary=false; factoryBeanName=null; factoryMethodName=null; initMethodName=null; destroyMethodName=null, order = 200, Root bean: class [org.springframework.security.web.context.request.async.WebAsyncManagerIntegrationFilter]; scope=; abstract=false; lazyInit=false; autowireMode=0; dependencyCheck=0; autowireCandidate=true; primary=false; factoryBeanName=null; factoryMethodName=null; initMethodName=null; destroyMethodName=null, order = 400, Root bean: class [org.springframework.security.web.authentication.logout.LogoutFilter]; scope=; abstract=false; lazyInit=false; autowireMode=0; dependencyCheck=0; autowireCandidate=true; primary=false; factoryBeanName=null; factoryMethodName=null; initMethodName=null; destroyMethodName=null, order = 700, <loginFilter>, order = 1100, Root bean: class [org.springframework.security.web.savedrequest.RequestCacheAwareFilter]; scope=; abstract=false; lazyInit=false; autowireMode=0; dependencyCheck=0; autowireCandidate=true; primary=false; factoryBeanName=null; factoryMethodName=null; initMethodName=null; destroyMethodName=null, order = 1600, Root bean: class [org.springframework.security.web.servletapi.SecurityContextHolderAwareRequestFilter]; scope=; abstract=false; lazyInit=false; autowireMode=0; dependencyCheck=0; autowireCandidate=true; primary=false; factoryBeanName=null; factoryMethodName=null; initMethodName=null; destroyMethodName=null, order = 1700, Root bean: class [org.springframework.security.web.authentication.AnonymousAuthenticationFilter]; scope=; abstract=false; lazyInit=false; autowireMode=0; dependencyCheck=0; autowireCandidate=true; primary=false; factoryBeanName=null; factoryMethodName=null; initMethodName=null; destroyMethodName=null, order = 2000, Root bean: class [org.springframework.security.web.access.ExceptionTranslationFilter]; scope=; abstract=false; lazyInit=false; autowireMode=0; dependencyCheck=0; autowireCandidate=true; primary=false; factoryBeanName=null; factoryMethodName=null; initMethodName=null; destroyMethodName=null, order = 2200, <securityFilter>, order = 2299, <org.springframework.security.web.access.intercept.FilterSecurityInterceptor#0>, order = 2300]
[INFO][2015-08-31 09:28:49,740][org.springframework.context.support.GenericApplicationContext]Refreshing org.springframework.context.support.GenericApplicationContext@783e6358: startup date [Mon Aug 31 09:28:49 CST 2015]; root of context hierarchy
[INFO][2015-08-31 09:28:49,919][org.springframework.beans.factory.config.PropertyPlaceholderConfigurer]Loading properties file from class path resource [config.properties]
[INFO][2015-08-31 09:28:49,928][org.springframework.beans.factory.annotation.AutowiredAnnotationBeanPostProcessor]JSR-330 'javax.inject.Inject' annotation found and supported for autowiring
[INFO][2015-08-31 09:28:49,965][org.springframework.beans.factory.support.DefaultListableBeanFactory]Pre-instantiating singletons in org.springframework.beans.factory.support.DefaultListableBeanFactory@38c5cc4c: defining beans [org.springframework.beans.factory.config.PropertyPlaceholderConfigurer#0,moduleInfoDao,roleInfoDao,userInfoDao,moduleInfoService,roleInfoService,userInfoService,org.springframework.context.annotation.internalConfigurationAnnotationProcessor,org.springframework.context.annotation.internalAutowiredAnnotationProcessor,org.springframework.context.annotation.internalRequiredAnnotationProcessor,org.springframework.context.annotation.internalCommonAnnotationProcessor,org.springframework.context.annotation.internalPersistenceAnnotationProcessor,dataSource,sessionFactory,transactionManager,org.springframework.aop.config.internalAutoProxyCreator,org.springframework.transaction.annotation.AnnotationTransactionAttributeSource#0,org.springframework.transaction.interceptor.TransactionInterceptor#0,org.springframework.transaction.config.internalTransactionAdvisor,transactionAdvice,transactionPointcut,org.springframework.aop.support.DefaultBeanFactoryPointcutAdvisor#0,org.springframework.security.filterChains,org.springframework.security.filterChainProxy,org.springframework.security.web.DefaultSecurityFilterChain#0,org.springframework.security.web.DefaultSecurityFilterChain#1,authenticationProcessingFilterEntryPoint,sessionRegistry,org.springframework.security.authentication.DefaultAuthenticationEventPublisher#0,org.springframework.security.authenticationManager,authenticationProvier,userDetailsService,org.springframework.security.web.PortMapperImpl#0,org.springframework.security.web.PortResolverImpl#0,org.springframework.security.config.authentication.AuthenticationManagerFactoryBean#0,org.springframework.security.authentication.ProviderManager#0,org.springframework.security.web.context.HttpSessionSecurityContextRepository#0,org.springframework.security.web.savedrequest.HttpSessionRequestCache#0,org.springframework.security.web.access.expression.DefaultWebSecurityExpressionHandler#0,org.springframework.security.access.vote.AffirmativeBased#0,org.springframework.security.web.access.intercept.FilterSecurityInterceptor#0,org.springframework.security.web.access.DefaultWebInvocationPrivilegeEvaluator#0,org.springframework.security.authentication.AnonymousAuthenticationProvider#0,org.springframework.security.userDetailsServiceFactory,org.springframework.security.web.DefaultSecurityFilterChain#2,loginFilter,simpleUrlAuthenticationFailureHandler,securityFilter,securityMetadataSource,accessDecisionManager,org.springframework.context.annotation.ConfigurationClassPostProcessor.importAwareProcessor]; root of factory hierarchy
[ERROR][2015-08-31 09:28:50,396][com.alibaba.druid.pool.DruidAbstractDataSource]maxIdle is deprecated
[INFO][2015-08-31 09:28:50,511][com.alibaba.druid.pool.DruidDataSource]{dataSource-1} inited
[INFO][2015-08-31 09:28:50,725][org.hibernate.annotations.common.Version]HCANN000001: Hibernate Commons Annotations {4.0.2.Final}
[INFO][2015-08-31 09:28:50,730][org.hibernate.Version]HHH000412: Hibernate Core {4.2.5.Final}
[INFO][2015-08-31 09:28:50,732][org.hibernate.cfg.Environment]HHH000206: hibernate.properties not found
[INFO][2015-08-31 09:28:50,733][org.hibernate.cfg.Environment]HHH000021: Bytecode provider name : javassist
[INFO][2015-08-31 09:28:51,129][org.hibernate.dialect.Dialect]HHH000400: Using dialect: org.hibernate.dialect.MySQLDialect
[INFO][2015-08-31 09:28:51,293][org.hibernate.engine.transaction.internal.TransactionFactoryInitiator]HHH000399: Using default transaction strategy (direct JDBC transactions)
[INFO][2015-08-31 09:28:51,298][org.hibernate.hql.internal.ast.ASTQueryTranslatorFactory]HHH000397: Using ASTQueryTranslatorFactory
[INFO][2015-08-31 09:28:51,539][org.hibernate.tool.hbm2ddl.SchemaUpdate]HHH000228: Running hbm2ddl schema update
[INFO][2015-08-31 09:28:51,539][org.hibernate.tool.hbm2ddl.SchemaUpdate]HHH000102: Fetching database metadata
[INFO][2015-08-31 09:28:51,543][org.hibernate.tool.hbm2ddl.SchemaUpdate]HHH000396: Updating schema
[INFO][2015-08-31 09:28:51,583][org.hibernate.tool.hbm2ddl.TableMetadata]HHH000261: Table found: ship_system.role_module
[INFO][2015-08-31 09:28:51,583][org.hibernate.tool.hbm2ddl.TableMetadata]HHH000037: Columns: [module_id, role_id]
[INFO][2015-08-31 09:28:51,583][org.hibernate.tool.hbm2ddl.TableMetadata]HHH000108: Foreign keys: [fk_role, fk_module]
[INFO][2015-08-31 09:28:51,583][org.hibernate.tool.hbm2ddl.TableMetadata]HHH000126: Indexes: [fk_role, fk_module, primary]
[INFO][2015-08-31 09:28:51,604][org.hibernate.tool.hbm2ddl.TableMetadata]HHH000261: Table found: ship_system.module_info
[INFO][2015-08-31 09:28:51,604][org.hibernate.tool.hbm2ddl.TableMetadata]HHH000037: Columns: [module_description, module_id, module_type, module_str, module_name, module_priority]
[INFO][2015-08-31 09:28:51,604][org.hibernate.tool.hbm2ddl.TableMetadata]HHH000108: Foreign keys: []
[INFO][2015-08-31 09:28:51,605][org.hibernate.tool.hbm2ddl.TableMetadata]HHH000126: Indexes: [primary]
[INFO][2015-08-31 09:28:51,618][org.hibernate.tool.hbm2ddl.TableMetadata]HHH000261: Table found: ship_system.role_info
[INFO][2015-08-31 09:28:51,618][org.hibernate.tool.hbm2ddl.TableMetadata]HHH000037: Columns: [role_name, role_id, role_description]
[INFO][2015-08-31 09:28:51,618][org.hibernate.tool.hbm2ddl.TableMetadata]HHH000108: Foreign keys: []
[INFO][2015-08-31 09:28:51,618][org.hibernate.tool.hbm2ddl.TableMetadata]HHH000126: Indexes: [primary]
[INFO][2015-08-31 09:28:51,634][org.hibernate.tool.hbm2ddl.TableMetadata]HHH000261: Table found: ship_system.user_info
[INFO][2015-08-31 09:28:51,635][org.hibernate.tool.hbm2ddl.TableMetadata]HHH000037: Columns: [user_email, user_tel, user_name, user_address, user_gender, user_idcard, user_pwd, user_qq, user_enabled, user_code, user_id, user_nickname, user_phone, user_description, user_images]
[INFO][2015-08-31 09:28:51,635][org.hibernate.tool.hbm2ddl.TableMetadata]HHH000108: Foreign keys: []
[INFO][2015-08-31 09:28:51,635][org.hibernate.tool.hbm2ddl.TableMetadata]HHH000126: Indexes: [primary]
[INFO][2015-08-31 09:28:51,651][org.hibernate.tool.hbm2ddl.TableMetadata]HHH000261: Table found: ship_system.user_role
[INFO][2015-08-31 09:28:51,652][org.hibernate.tool.hbm2ddl.TableMetadata]HHH000037: Columns: [user_id, role_id]
[INFO][2015-08-31 09:28:51,652][org.hibernate.tool.hbm2ddl.TableMetadata]HHH000108: Foreign keys: [ur_role, ur_user]
[INFO][2015-08-31 09:28:51,652][org.hibernate.tool.hbm2ddl.TableMetadata]HHH000126: Indexes: [ur_role, ur_user, primary]
[INFO][2015-08-31 09:28:51,653][org.hibernate.tool.hbm2ddl.SchemaUpdate]HHH000232: Schema update complete
[INFO][2015-08-31 09:28:51,768][org.springframework.orm.hibernate4.HibernateTransactionManager]Using DataSource [{
	CreateTime:"2015-08-31 09:28:50",
	ActiveCount:0,
	PoolingCount:1,
	CreateCount:1,
	DestroyCount:0,
	CloseCount:2,
	ConnectCount:2,
	Connections:[
		{ID:67620673, ConnectTime:"2015-08-31 09:28:51", UseCount:2, LastActiveTime:"2015-08-31 09:28:51"}
	]
}] of Hibernate SessionFactory for HibernateTransactionManager
[INFO][2015-08-31 09:28:51,840][org.springframework.security.web.DefaultSecurityFilterChain]Creating filter chain: Ant [pattern='/login*'], []
[INFO][2015-08-31 09:28:51,847][org.springframework.security.web.DefaultSecurityFilterChain]Creating filter chain: Ant [pattern='/js/*'], []
[INFO][2015-08-31 09:28:52,818][org.springframework.security.web.DefaultSecurityFilterChain]Creating filter chain: org.springframework.security.web.util.matcher.AnyRequestMatcher@1, [org.springframework.security.web.context.SecurityContextPersistenceFilter@65cc8228, org.springframework.security.web.context.request.async.WebAsyncManagerIntegrationFilter@53093491, org.springframework.security.web.authentication.logout.LogoutFilter@21719a0, org.springframework.security.web.authentication.UsernamePasswordAuthenticationFilter@76b224cd, org.springframework.security.web.savedrequest.RequestCacheAwareFilter@77ee25f1, org.springframework.security.web.servletapi.SecurityContextHolderAwareRequestFilter@6dd93a21, org.springframework.security.web.authentication.AnonymousAuthenticationFilter@57b9e423, org.springframework.security.web.access.ExceptionTranslationFilter@304a3655, org.ship.web.security.SecurityFilter@368d5c00, org.springframework.security.web.access.intercept.FilterSecurityInterceptor@12a160c2]
[INFO][2015-08-31 09:28:52,870][org.springframework.security.config.http.DefaultFilterChainValidator]Checking whether login URL '/login' is accessible with your configuration
[WARN][2015-08-31 09:28:52,932][org.hibernate.hql.internal.ast.HqlSqlWalker][DEPRECATION] Encountered positional parameter near line 1, column 55.  Positional parameter are considered deprecated; use named parameters or JPA-style positional parameters instead.
[INFO][2015-08-31 09:28:53,048][org.springframework.context.support.GenericApplicationContext]Closing org.springframework.context.support.GenericApplicationContext@783e6358: startup date [Mon Aug 31 09:28:49 CST 2015]; root of context hierarchy
[INFO][2015-08-31 09:28:53,049][org.springframework.beans.factory.support.DefaultListableBeanFactory]Destroying singletons in org.springframework.beans.factory.support.DefaultListableBeanFactory@38c5cc4c: defining beans [org.springframework.beans.factory.config.PropertyPlaceholderConfigurer#0,moduleInfoDao,roleInfoDao,userInfoDao,moduleInfoService,roleInfoService,userInfoService,org.springframework.context.annotation.internalConfigurationAnnotationProcessor,org.springframework.context.annotation.internalAutowiredAnnotationProcessor,org.springframework.context.annotation.internalRequiredAnnotationProcessor,org.springframework.context.annotation.internalCommonAnnotationProcessor,org.springframework.context.annotation.internalPersistenceAnnotationProcessor,dataSource,sessionFactory,transactionManager,org.springframework.aop.config.internalAutoProxyCreator,org.springframework.transaction.annotation.AnnotationTransactionAttributeSource#0,org.springframework.transaction.interceptor.TransactionInterceptor#0,org.springframework.transaction.config.internalTransactionAdvisor,transactionAdvice,transactionPointcut,org.springframework.aop.support.DefaultBeanFactoryPointcutAdvisor#0,org.springframework.security.filterChains,org.springframework.security.filterChainProxy,org.springframework.security.web.DefaultSecurityFilterChain#0,org.springframework.security.web.DefaultSecurityFilterChain#1,authenticationProcessingFilterEntryPoint,sessionRegistry,org.springframework.security.authentication.DefaultAuthenticationEventPublisher#0,org.springframework.security.authenticationManager,authenticationProvier,userDetailsService,org.springframework.security.web.PortMapperImpl#0,org.springframework.security.web.PortResolverImpl#0,org.springframework.security.config.authentication.AuthenticationManagerFactoryBean#0,org.springframework.security.authentication.ProviderManager#0,org.springframework.security.web.context.HttpSessionSecurityContextRepository#0,org.springframework.security.web.savedrequest.HttpSessionRequestCache#0,org.springframework.security.web.access.expression.DefaultWebSecurityExpressionHandler#0,org.springframework.security.access.vote.AffirmativeBased#0,org.springframework.security.web.access.intercept.FilterSecurityInterceptor#0,org.springframework.security.web.access.DefaultWebInvocationPrivilegeEvaluator#0,org.springframework.security.authentication.AnonymousAuthenticationProvider#0,org.springframework.security.userDetailsServiceFactory,org.springframework.security.web.DefaultSecurityFilterChain#2,loginFilter,simpleUrlAuthenticationFailureHandler,securityFilter,securityMetadataSource,accessDecisionManager,org.springframework.context.annotation.ConfigurationClassPostProcessor.importAwareProcessor]; root of factory hierarchy
[INFO][2015-08-31 09:28:53,063][com.alibaba.druid.pool.DruidDataSource]{dataSource-1} closed
[INFO][2015-08-31 11:17:40,205][org.springframework.beans.factory.xml.XmlBeanDefinitionReader]Loading XML bean definitions from class path resource [spring.xml]
[INFO][2015-08-31 11:17:40,377][org.springframework.context.annotation.ClassPathBeanDefinitionScanner]JSR-250 'javax.annotation.ManagedBean' found and supported for component scanning
[INFO][2015-08-31 11:17:40,379][org.springframework.context.annotation.ClassPathBeanDefinitionScanner]JSR-330 'javax.inject.Named' annotation found and supported for component scanning
[INFO][2015-08-31 11:17:40,432][org.springframework.beans.factory.xml.XmlBeanDefinitionReader]Loading XML bean definitions from class path resource [spring-hibernate.xml]
[INFO][2015-08-31 11:17:40,523][org.springframework.beans.factory.xml.XmlBeanDefinitionReader]Loading XML bean definitions from class path resource [spring-security.xml]
[INFO][2015-08-31 11:17:40,608][org.springframework.security.config.SecurityNamespaceHandler]Spring Security 'config' module version is 3.2.4.RELEASE
[INFO][2015-08-31 11:17:40,887][org.springframework.security.config.http.HttpSecurityBeanDefinitionParser]Checking sorted filter chain: [Root bean: class [org.springframework.security.web.context.SecurityContextPersistenceFilter]; scope=; abstract=false; lazyInit=false; autowireMode=0; dependencyCheck=0; autowireCandidate=true; primary=false; factoryBeanName=null; factoryMethodName=null; initMethodName=null; destroyMethodName=null, order = 200, Root bean: class [org.springframework.security.web.context.request.async.WebAsyncManagerIntegrationFilter]; scope=; abstract=false; lazyInit=false; autowireMode=0; dependencyCheck=0; autowireCandidate=true; primary=false; factoryBeanName=null; factoryMethodName=null; initMethodName=null; destroyMethodName=null, order = 400, Root bean: class [org.springframework.security.web.authentication.logout.LogoutFilter]; scope=; abstract=false; lazyInit=false; autowireMode=0; dependencyCheck=0; autowireCandidate=true; primary=false; factoryBeanName=null; factoryMethodName=null; initMethodName=null; destroyMethodName=null, order = 700, <loginFilter>, order = 1100, Root bean: class [org.springframework.security.web.savedrequest.RequestCacheAwareFilter]; scope=; abstract=false; lazyInit=false; autowireMode=0; dependencyCheck=0; autowireCandidate=true; primary=false; factoryBeanName=null; factoryMethodName=null; initMethodName=null; destroyMethodName=null, order = 1600, Root bean: class [org.springframework.security.web.servletapi.SecurityContextHolderAwareRequestFilter]; scope=; abstract=false; lazyInit=false; autowireMode=0; dependencyCheck=0; autowireCandidate=true; primary=false; factoryBeanName=null; factoryMethodName=null; initMethodName=null; destroyMethodName=null, order = 1700, Root bean: class [org.springframework.security.web.authentication.AnonymousAuthenticationFilter]; scope=; abstract=false; lazyInit=false; autowireMode=0; dependencyCheck=0; autowireCandidate=true; primary=false; factoryBeanName=null; factoryMethodName=null; initMethodName=null; destroyMethodName=null, order = 2000, Root bean: class [org.springframework.security.web.access.ExceptionTranslationFilter]; scope=; abstract=false; lazyInit=false; autowireMode=0; dependencyCheck=0; autowireCandidate=true; primary=false; factoryBeanName=null; factoryMethodName=null; initMethodName=null; destroyMethodName=null, order = 2200, <securityFilter>, order = 2299, <org.springframework.security.web.access.intercept.FilterSecurityInterceptor#0>, order = 2300]
[INFO][2015-08-31 11:17:40,893][org.springframework.context.support.GenericApplicationContext]Refreshing org.springframework.context.support.GenericApplicationContext@3ffc5af1: startup date [Mon Aug 31 11:17:40 CST 2015]; root of context hierarchy
[INFO][2015-08-31 11:17:41,109][org.springframework.beans.factory.config.PropertyPlaceholderConfigurer]Loading properties file from class path resource [config.properties]
[INFO][2015-08-31 11:17:41,118][org.springframework.beans.factory.annotation.AutowiredAnnotationBeanPostProcessor]JSR-330 'javax.inject.Inject' annotation found and supported for autowiring
[INFO][2015-08-31 11:17:41,162][org.springframework.beans.factory.support.DefaultListableBeanFactory]Pre-instantiating singletons in org.springframework.beans.factory.support.DefaultListableBeanFactory@1139b2f3: defining beans [org.springframework.beans.factory.config.PropertyPlaceholderConfigurer#0,moduleInfoDao,roleInfoDao,userInfoDao,moduleInfoService,roleInfoService,userInfoService,org.springframework.context.annotation.internalConfigurationAnnotationProcessor,org.springframework.context.annotation.internalAutowiredAnnotationProcessor,org.springframework.context.annotation.internalRequiredAnnotationProcessor,org.springframework.context.annotation.internalCommonAnnotationProcessor,org.springframework.context.annotation.internalPersistenceAnnotationProcessor,dataSource,sessionFactory,transactionManager,org.springframework.aop.config.internalAutoProxyCreator,org.springframework.transaction.annotation.AnnotationTransactionAttributeSource#0,org.springframework.transaction.interceptor.TransactionInterceptor#0,org.springframework.transaction.config.internalTransactionAdvisor,transactionAdvice,transactionPointcut,org.springframework.aop.support.DefaultBeanFactoryPointcutAdvisor#0,org.springframework.security.filterChains,org.springframework.security.filterChainProxy,org.springframework.security.web.DefaultSecurityFilterChain#0,org.springframework.security.web.DefaultSecurityFilterChain#1,authenticationProcessingFilterEntryPoint,sessionRegistry,org.springframework.security.authentication.DefaultAuthenticationEventPublisher#0,org.springframework.security.authenticationManager,authenticationProvier,userDetailsService,org.springframework.security.web.PortMapperImpl#0,org.springframework.security.web.PortResolverImpl#0,org.springframework.security.config.authentication.AuthenticationManagerFactoryBean#0,org.springframework.security.authentication.ProviderManager#0,org.springframework.security.web.context.HttpSessionSecurityContextRepository#0,org.springframework.security.web.savedrequest.HttpSessionRequestCache#0,org.springframework.security.web.access.expression.DefaultWebSecurityExpressionHandler#0,org.springframework.security.access.vote.AffirmativeBased#0,org.springframework.security.web.access.intercept.FilterSecurityInterceptor#0,org.springframework.security.web.access.DefaultWebInvocationPrivilegeEvaluator#0,org.springframework.security.authentication.AnonymousAuthenticationProvider#0,org.springframework.security.userDetailsServiceFactory,org.springframework.security.web.DefaultSecurityFilterChain#2,loginFilter,simpleUrlAuthenticationFailureHandler,securityFilter,securityMetadataSource,accessDecisionManager,org.springframework.context.annotation.ConfigurationClassPostProcessor.importAwareProcessor]; root of factory hierarchy
[ERROR][2015-08-31 11:17:41,448][com.alibaba.druid.pool.DruidAbstractDataSource]maxIdle is deprecated
[INFO][2015-08-31 11:17:41,533][com.alibaba.druid.pool.DruidDataSource]{dataSource-1} inited
[INFO][2015-08-31 11:17:41,757][org.hibernate.annotations.common.Version]HCANN000001: Hibernate Commons Annotations {4.0.2.Final}
[INFO][2015-08-31 11:17:41,763][org.hibernate.Version]HHH000412: Hibernate Core {4.2.5.Final}
[INFO][2015-08-31 11:17:41,765][org.hibernate.cfg.Environment]HHH000206: hibernate.properties not found
[INFO][2015-08-31 11:17:41,767][org.hibernate.cfg.Environment]HHH000021: Bytecode provider name : javassist
[INFO][2015-08-31 11:17:42,285][org.hibernate.dialect.Dialect]HHH000400: Using dialect: org.hibernate.dialect.MySQLDialect
[INFO][2015-08-31 11:17:42,443][org.hibernate.engine.transaction.internal.TransactionFactoryInitiator]HHH000399: Using default transaction strategy (direct JDBC transactions)
[INFO][2015-08-31 11:17:42,447][org.hibernate.hql.internal.ast.ASTQueryTranslatorFactory]HHH000397: Using ASTQueryTranslatorFactory
[INFO][2015-08-31 11:17:42,684][org.hibernate.tool.hbm2ddl.SchemaUpdate]HHH000228: Running hbm2ddl schema update
[INFO][2015-08-31 11:17:42,684][org.hibernate.tool.hbm2ddl.SchemaUpdate]HHH000102: Fetching database metadata
[INFO][2015-08-31 11:17:42,689][org.hibernate.tool.hbm2ddl.SchemaUpdate]HHH000396: Updating schema
[INFO][2015-08-31 11:17:42,770][org.hibernate.tool.hbm2ddl.TableMetadata]HHH000261: Table found: ship_system.role_module
[INFO][2015-08-31 11:17:42,771][org.hibernate.tool.hbm2ddl.TableMetadata]HHH000037: Columns: [module_id, role_id]
[INFO][2015-08-31 11:17:42,771][org.hibernate.tool.hbm2ddl.TableMetadata]HHH000108: Foreign keys: [fk_role, fk_module]
[INFO][2015-08-31 11:17:42,771][org.hibernate.tool.hbm2ddl.TableMetadata]HHH000126: Indexes: [fk_role, fk_module, primary]
[INFO][2015-08-31 11:17:42,805][org.hibernate.tool.hbm2ddl.TableMetadata]HHH000261: Table found: ship_system.module_info
[INFO][2015-08-31 11:17:42,805][org.hibernate.tool.hbm2ddl.TableMetadata]HHH000037: Columns: [module_description, module_id, module_type, module_str, module_name, module_priority]
[INFO][2015-08-31 11:17:42,805][org.hibernate.tool.hbm2ddl.TableMetadata]HHH000108: Foreign keys: []
[INFO][2015-08-31 11:17:42,806][org.hibernate.tool.hbm2ddl.TableMetadata]HHH000126: Indexes: [primary]
[INFO][2015-08-31 11:17:42,821][org.hibernate.tool.hbm2ddl.TableMetadata]HHH000261: Table found: ship_system.role_info
[INFO][2015-08-31 11:17:42,821][org.hibernate.tool.hbm2ddl.TableMetadata]HHH000037: Columns: [role_name, role_id, role_description]
[INFO][2015-08-31 11:17:42,822][org.hibernate.tool.hbm2ddl.TableMetadata]HHH000108: Foreign keys: []
[INFO][2015-08-31 11:17:42,822][org.hibernate.tool.hbm2ddl.TableMetadata]HHH000126: Indexes: [primary]
[INFO][2015-08-31 11:17:42,841][org.hibernate.tool.hbm2ddl.TableMetadata]HHH000261: Table found: ship_system.user_info
[INFO][2015-08-31 11:17:42,841][org.hibernate.tool.hbm2ddl.TableMetadata]HHH000037: Columns: [user_email, user_tel, user_name, user_address, user_gender, user_idcard, user_pwd, user_qq, user_enabled, user_code, user_id, user_nickname, user_phone, user_description, user_images]
[INFO][2015-08-31 11:17:42,841][org.hibernate.tool.hbm2ddl.TableMetadata]HHH000108: Foreign keys: []
[INFO][2015-08-31 11:17:42,842][org.hibernate.tool.hbm2ddl.TableMetadata]HHH000126: Indexes: [primary]
[INFO][2015-08-31 11:17:42,867][org.hibernate.tool.hbm2ddl.TableMetadata]HHH000261: Table found: ship_system.user_role
[INFO][2015-08-31 11:17:42,867][org.hibernate.tool.hbm2ddl.TableMetadata]HHH000037: Columns: [user_id, role_id]
[INFO][2015-08-31 11:17:42,867][org.hibernate.tool.hbm2ddl.TableMetadata]HHH000108: Foreign keys: [ur_role, ur_user]
[INFO][2015-08-31 11:17:42,867][org.hibernate.tool.hbm2ddl.TableMetadata]HHH000126: Indexes: [ur_role, ur_user, primary]
[INFO][2015-08-31 11:17:42,869][org.hibernate.tool.hbm2ddl.SchemaUpdate]HHH000232: Schema update complete
[INFO][2015-08-31 11:17:43,023][org.springframework.orm.hibernate4.HibernateTransactionManager]Using DataSource [{
	CreateTime:"2015-08-31 11:17:41",
	ActiveCount:0,
	PoolingCount:1,
	CreateCount:1,
	DestroyCount:0,
	CloseCount:2,
	ConnectCount:2,
	Connections:[
		{ID:214313531, ConnectTime:"2015-08-31 11:17:42", UseCount:2, LastActiveTime:"2015-08-31 11:17:42"}
	]
}] of Hibernate SessionFactory for HibernateTransactionManager
[INFO][2015-08-31 11:17:43,096][org.springframework.security.web.DefaultSecurityFilterChain]Creating filter chain: Ant [pattern='/login*'], []
[INFO][2015-08-31 11:17:43,101][org.springframework.security.web.DefaultSecurityFilterChain]Creating filter chain: Ant [pattern='/js/*'], []
[INFO][2015-08-31 11:17:43,916][org.springframework.security.web.DefaultSecurityFilterChain]Creating filter chain: org.springframework.security.web.util.matcher.AnyRequestMatcher@1, [org.springframework.security.web.context.SecurityContextPersistenceFilter@41c204a0, org.springframework.security.web.context.request.async.WebAsyncManagerIntegrationFilter@64138b0c, org.springframework.security.web.authentication.logout.LogoutFilter@49dbaaf3, org.springframework.security.web.authentication.UsernamePasswordAuthenticationFilter@22d9c961, org.springframework.security.web.savedrequest.RequestCacheAwareFilter@736f3e9e, org.springframework.security.web.servletapi.SecurityContextHolderAwareRequestFilter@bdc8014, org.springframework.security.web.authentication.AnonymousAuthenticationFilter@1f443fae, org.springframework.security.web.access.ExceptionTranslationFilter@73ba6fe6, org.ship.web.security.SecurityFilter@79ab34c1, org.springframework.security.web.access.intercept.FilterSecurityInterceptor@1698d7c0]
[INFO][2015-08-31 11:17:43,985][org.springframework.security.config.http.DefaultFilterChainValidator]Checking whether login URL '/login' is accessible with your configuration
[INFO][2015-08-31 11:17:44,071][org.springframework.context.support.GenericApplicationContext]Closing org.springframework.context.support.GenericApplicationContext@3ffc5af1: startup date [Mon Aug 31 11:17:40 CST 2015]; root of context hierarchy
[INFO][2015-08-31 11:17:44,073][org.springframework.beans.factory.support.DefaultListableBeanFactory]Destroying singletons in org.springframework.beans.factory.support.DefaultListableBeanFactory@1139b2f3: defining beans [org.springframework.beans.factory.config.PropertyPlaceholderConfigurer#0,moduleInfoDao,roleInfoDao,userInfoDao,moduleInfoService,roleInfoService,userInfoService,org.springframework.context.annotation.internalConfigurationAnnotationProcessor,org.springframework.context.annotation.internalAutowiredAnnotationProcessor,org.springframework.context.annotation.internalRequiredAnnotationProcessor,org.springframework.context.annotation.internalCommonAnnotationProcessor,org.springframework.context.annotation.internalPersistenceAnnotationProcessor,dataSource,sessionFactory,transactionManager,org.springframework.aop.config.internalAutoProxyCreator,org.springframework.transaction.annotation.AnnotationTransactionAttributeSource#0,org.springframework.transaction.interceptor.TransactionInterceptor#0,org.springframework.transaction.config.internalTransactionAdvisor,transactionAdvice,transactionPointcut,org.springframework.aop.support.DefaultBeanFactoryPointcutAdvisor#0,org.springframework.security.filterChains,org.springframework.security.filterChainProxy,org.springframework.security.web.DefaultSecurityFilterChain#0,org.springframework.security.web.DefaultSecurityFilterChain#1,authenticationProcessingFilterEntryPoint,sessionRegistry,org.springframework.security.authentication.DefaultAuthenticationEventPublisher#0,org.springframework.security.authenticationManager,authenticationProvier,userDetailsService,org.springframework.security.web.PortMapperImpl#0,org.springframework.security.web.PortResolverImpl#0,org.springframework.security.config.authentication.AuthenticationManagerFactoryBean#0,org.springframework.security.authentication.ProviderManager#0,org.springframework.security.web.context.HttpSessionSecurityContextRepository#0,org.springframework.security.web.savedrequest.HttpSessionRequestCache#0,org.springframework.security.web.access.expression.DefaultWebSecurityExpressionHandler#0,org.springframework.security.access.vote.AffirmativeBased#0,org.springframework.security.web.access.intercept.FilterSecurityInterceptor#0,org.springframework.security.web.access.DefaultWebInvocationPrivilegeEvaluator#0,org.springframework.security.authentication.AnonymousAuthenticationProvider#0,org.springframework.security.userDetailsServiceFactory,org.springframework.security.web.DefaultSecurityFilterChain#2,loginFilter,simpleUrlAuthenticationFailureHandler,securityFilter,securityMetadataSource,accessDecisionManager,org.springframework.context.annotation.ConfigurationClassPostProcessor.importAwareProcessor]; root of factory hierarchy
[INFO][2015-08-31 11:17:44,088][com.alibaba.druid.pool.DruidDataSource]{dataSource-1} closed
[INFO][2015-08-31 14:05:34,477][org.springframework.beans.factory.xml.XmlBeanDefinitionReader]Loading XML bean definitions from class path resource [spring.xml]
[INFO][2015-08-31 14:05:34,676][org.springframework.context.annotation.ClassPathBeanDefinitionScanner]JSR-250 'javax.annotation.ManagedBean' found and supported for component scanning
[INFO][2015-08-31 14:05:34,678][org.springframework.context.annotation.ClassPathBeanDefinitionScanner]JSR-330 'javax.inject.Named' annotation found and supported for component scanning
[INFO][2015-08-31 14:05:34,734][org.springframework.beans.factory.xml.XmlBeanDefinitionReader]Loading XML bean definitions from class path resource [spring-hibernate.xml]
[INFO][2015-08-31 14:05:34,821][org.springframework.beans.factory.xml.XmlBeanDefinitionReader]Loading XML bean definitions from class path resource [spring-security.xml]
[INFO][2015-08-31 14:05:34,886][org.springframework.security.config.SecurityNamespaceHandler]Spring Security 'config' module version is 3.2.4.RELEASE
[ERROR][2015-08-31 14:05:34,908][org.springframework.test.context.TestContextManager]Caught exception while allowing TestExecutionListener [org.springframework.test.context.web.ServletTestExecutionListener@10db82ae] to prepare test instance [ServiceTest@501edcf1]
java.lang.IllegalStateException: Failed to load ApplicationContext
	at org.springframework.test.context.CacheAwareContextLoaderDelegate.loadContext(CacheAwareContextLoaderDelegate.java:99)
	at org.springframework.test.context.TestContext.getApplicationContext(TestContext.java:122)
	at org.springframework.test.context.web.ServletTestExecutionListener.setUpRequestContextIfNecessary(ServletTestExecutionListener.java:105)
	at org.springframework.test.context.web.ServletTestExecutionListener.prepareTestInstance(ServletTestExecutionListener.java:74)
	at org.springframework.test.context.TestContextManager.prepareTestInstance(TestContextManager.java:312)
	at org.springframework.test.context.junit4.SpringJUnit4ClassRunner.createTest(SpringJUnit4ClassRunner.java:211)
	at org.springframework.test.context.junit4.SpringJUnit4ClassRunner$1.runReflectiveCall(SpringJUnit4ClassRunner.java:288)
	at org.junit.internal.runners.model.ReflectiveCallable.run(ReflectiveCallable.java:12)
	at org.springframework.test.context.junit4.SpringJUnit4ClassRunner.methodBlock(SpringJUnit4ClassRunner.java:284)
	at org.springframework.test.context.junit4.SpringJUnit4ClassRunner.runChild(SpringJUnit4ClassRunner.java:231)
	at org.springframework.test.context.junit4.SpringJUnit4ClassRunner.runChild(SpringJUnit4ClassRunner.java:88)
	at org.junit.runners.ParentRunner$3.run(ParentRunner.java:238)
	at org.junit.runners.ParentRunner$1.schedule(ParentRunner.java:63)
	at org.junit.runners.ParentRunner.runChildren(ParentRunner.java:236)
	at org.junit.runners.ParentRunner.access$000(ParentRunner.java:53)
	at org.junit.runners.ParentRunner$2.evaluate(ParentRunner.java:229)
	at org.springframework.test.context.junit4.statements.RunBeforeTestClassCallbacks.evaluate(RunBeforeTestClassCallbacks.java:61)
	at org.springframework.test.context.junit4.statements.RunAfterTestClassCallbacks.evaluate(RunAfterTestClassCallbacks.java:71)
	at org.junit.runners.ParentRunner.run(ParentRunner.java:309)
	at org.springframework.test.context.junit4.SpringJUnit4ClassRunner.run(SpringJUnit4ClassRunner.java:174)
	at org.apache.maven.surefire.junit4.JUnit4Provider.execute(JUnit4Provider.java:252)
	at org.apache.maven.surefire.junit4.JUnit4Provider.executeTestSet(JUnit4Provider.java:141)
	at org.apache.maven.surefire.junit4.JUnit4Provider.invoke(JUnit4Provider.java:112)
	at sun.reflect.NativeMethodAccessorImpl.invoke0(Native Method)
	at sun.reflect.NativeMethodAccessorImpl.invoke(NativeMethodAccessorImpl.java:62)
	at sun.reflect.DelegatingMethodAccessorImpl.invoke(DelegatingMethodAccessorImpl.java:43)
	at java.lang.reflect.Method.invoke(Method.java:497)
	at org.apache.maven.surefire.util.ReflectionUtils.invokeMethodWithArray(ReflectionUtils.java:189)
	at org.apache.maven.surefire.booter.ProviderFactory$ProviderProxy.invoke(ProviderFactory.java:165)
	at org.apache.maven.surefire.booter.ProviderFactory.invokeProvider(ProviderFactory.java:85)
	at org.apache.maven.surefire.booter.ForkedBooter.runSuitesInProcess(ForkedBooter.java:115)
	at org.apache.maven.surefire.booter.ForkedBooter.main(ForkedBooter.java:75)
Caused by: org.springframework.beans.factory.parsing.BeanDefinitionParsingException: Configuration problem: You cannot use a spring-security-2.0.xsd or spring-security-3.0.xsd or spring-security-3.1.xsd schema with Spring Security 3.2. Please update your schema declarations to the 3.2 schema.
Offending resource: class path resource [spring-security.xml]
	at org.springframework.beans.factory.parsing.FailFastProblemReporter.fatal(FailFastProblemReporter.java:59)
	at org.springframework.beans.factory.parsing.ReaderContext.fatal(ReaderContext.java:68)
	at org.springframework.beans.factory.parsing.ReaderContext.fatal(ReaderContext.java:55)
	at org.springframework.security.config.SecurityNamespaceHandler.parse(SecurityNamespaceHandler.java:84)
	at org.springframework.beans.factory.xml.BeanDefinitionParserDelegate.parseCustomElement(BeanDefinitionParserDelegate.java:1438)
	at org.springframework.beans.factory.xml.BeanDefinitionParserDelegate.parseCustomElement(BeanDefinitionParserDelegate.java:1428)
	at org.springframework.beans.factory.xml.DefaultBeanDefinitionDocumentReader.parseBeanDefinitions(DefaultBeanDefinitionDocumentReader.java:185)
	at org.springframework.beans.factory.xml.DefaultBeanDefinitionDocumentReader.doRegisterBeanDefinitions(DefaultBeanDefinitionDocumentReader.java:139)
	at org.springframework.beans.factory.xml.DefaultBeanDefinitionDocumentReader.registerBeanDefinitions(DefaultBeanDefinitionDocumentReader.java:108)
	at org.springframework.beans.factory.xml.XmlBeanDefinitionReader.registerBeanDefinitions(XmlBeanDefinitionReader.java:493)
	at org.springframework.beans.factory.xml.XmlBeanDefinitionReader.doLoadBeanDefinitions(XmlBeanDefinitionReader.java:390)
	at org.springframework.beans.factory.xml.XmlBeanDefinitionReader.loadBeanDefinitions(XmlBeanDefinitionReader.java:334)
	at org.springframework.beans.factory.xml.XmlBeanDefinitionReader.loadBeanDefinitions(XmlBeanDefinitionReader.java:302)
	at org.springframework.beans.factory.support.AbstractBeanDefinitionReader.loadBeanDefinitions(AbstractBeanDefinitionReader.java:174)
	at org.springframework.beans.factory.support.AbstractBeanDefinitionReader.loadBeanDefinitions(AbstractBeanDefinitionReader.java:209)
	at org.springframework.beans.factory.support.AbstractBeanDefinitionReader.loadBeanDefinitions(AbstractBeanDefinitionReader.java:180)
	at org.springframework.beans.factory.support.AbstractBeanDefinitionReader.loadBeanDefinitions(AbstractBeanDefinitionReader.java:243)
	at org.springframework.test.context.support.AbstractGenericContextLoader.loadBeanDefinitions(AbstractGenericContextLoader.java:233)
	at org.springframework.test.context.support.AbstractGenericContextLoader.loadContext(AbstractGenericContextLoader.java:117)
	at org.springframework.test.context.support.AbstractGenericContextLoader.loadContext(AbstractGenericContextLoader.java:60)
	at org.springframework.test.context.support.AbstractDelegatingSmartContextLoader.delegateLoading(AbstractDelegatingSmartContextLoader.java:100)
	at org.springframework.test.context.support.AbstractDelegatingSmartContextLoader.loadContext(AbstractDelegatingSmartContextLoader.java:248)
	at org.springframework.test.context.CacheAwareContextLoaderDelegate.loadContextInternal(CacheAwareContextLoaderDelegate.java:64)
	at org.springframework.test.context.CacheAwareContextLoaderDelegate.loadContext(CacheAwareContextLoaderDelegate.java:91)
	... 31 more
[INFO][2015-08-31 14:07:09,701][org.springframework.test.context.TestContext]Neither @ContextConfiguration nor @ContextHierarchy found for test class [ServiceTest]
[ERROR][2015-08-31 14:07:09,789][org.springframework.test.context.TestContextManager]Caught exception while allowing TestExecutionListener [org.springframework.test.context.web.ServletTestExecutionListener@90f6bfd] to prepare test instance [ServiceTest@47f6473]
java.lang.IllegalStateException: Failed to load ApplicationContext
	at org.springframework.test.context.CacheAwareContextLoaderDelegate.loadContext(CacheAwareContextLoaderDelegate.java:99)
	at org.springframework.test.context.TestContext.getApplicationContext(TestContext.java:122)
	at org.springframework.test.context.web.ServletTestExecutionListener.setUpRequestContextIfNecessary(ServletTestExecutionListener.java:105)
	at org.springframework.test.context.web.ServletTestExecutionListener.prepareTestInstance(ServletTestExecutionListener.java:74)
	at org.springframework.test.context.TestContextManager.prepareTestInstance(TestContextManager.java:312)
	at org.springframework.test.context.junit4.SpringJUnit4ClassRunner.createTest(SpringJUnit4ClassRunner.java:211)
	at org.springframework.test.context.junit4.SpringJUnit4ClassRunner$1.runReflectiveCall(SpringJUnit4ClassRunner.java:288)
	at org.junit.internal.runners.model.ReflectiveCallable.run(ReflectiveCallable.java:12)
	at org.springframework.test.context.junit4.SpringJUnit4ClassRunner.methodBlock(SpringJUnit4ClassRunner.java:284)
	at org.springframework.test.context.junit4.SpringJUnit4ClassRunner.runChild(SpringJUnit4ClassRunner.java:231)
	at org.springframework.test.context.junit4.SpringJUnit4ClassRunner.runChild(SpringJUnit4ClassRunner.java:88)
	at org.junit.runners.ParentRunner$3.run(ParentRunner.java:238)
	at org.junit.runners.ParentRunner$1.schedule(ParentRunner.java:63)
	at org.junit.runners.ParentRunner.runChildren(ParentRunner.java:236)
	at org.junit.runners.ParentRunner.access$000(ParentRunner.java:53)
	at org.junit.runners.ParentRunner$2.evaluate(ParentRunner.java:229)
	at org.springframework.test.context.junit4.statements.RunBeforeTestClassCallbacks.evaluate(RunBeforeTestClassCallbacks.java:61)
	at org.springframework.test.context.junit4.statements.RunAfterTestClassCallbacks.evaluate(RunAfterTestClassCallbacks.java:71)
	at org.junit.runners.ParentRunner.run(ParentRunner.java:309)
	at org.springframework.test.context.junit4.SpringJUnit4ClassRunner.run(SpringJUnit4ClassRunner.java:174)
	at org.apache.maven.surefire.junit4.JUnit4Provider.execute(JUnit4Provider.java:252)
	at org.apache.maven.surefire.junit4.JUnit4Provider.executeTestSet(JUnit4Provider.java:141)
	at org.apache.maven.surefire.junit4.JUnit4Provider.invoke(JUnit4Provider.java:112)
	at sun.reflect.NativeMethodAccessorImpl.invoke0(Native Method)
	at sun.reflect.NativeMethodAccessorImpl.invoke(NativeMethodAccessorImpl.java:62)
	at sun.reflect.DelegatingMethodAccessorImpl.invoke(DelegatingMethodAccessorImpl.java:43)
	at java.lang.reflect.Method.invoke(Method.java:497)
	at org.apache.maven.surefire.util.ReflectionUtils.invokeMethodWithArray(ReflectionUtils.java:189)
	at org.apache.maven.surefire.booter.ProviderFactory$ProviderProxy.invoke(ProviderFactory.java:165)
	at org.apache.maven.surefire.booter.ProviderFactory.invokeProvider(ProviderFactory.java:85)
	at org.apache.maven.surefire.booter.ForkedBooter.runSuitesInProcess(ForkedBooter.java:115)
	at org.apache.maven.surefire.booter.ForkedBooter.main(ForkedBooter.java:75)
Caused by: java.lang.IllegalArgumentException: Cannot load an ApplicationContext with a NULL 'contextLoader'. Consider annotating your test class with @ContextConfiguration or @ContextHierarchy.
	at org.springframework.util.Assert.notNull(Assert.java:112)
	at org.springframework.test.context.CacheAwareContextLoaderDelegate.loadContextInternal(CacheAwareContextLoaderDelegate.java:57)
	at org.springframework.test.context.CacheAwareContextLoaderDelegate.loadContext(CacheAwareContextLoaderDelegate.java:91)
	... 31 more
